<?xml version="1.0" encoding="UTF-8"?>
<!-- Generated by org.testng.reporters.JUnitXMLReporter -->
<testsuite ignored="0" hostname="Venkatesh" failures="0" tests="3" name="Default test" time="41.419" errors="0" timestamp="2025-09-08T19:51:42 IST">
  <testcase classname="LoginPageRunnableFiles.LoginPageScripts" name="login" time="0.006"/>
  <testcase classname="LoginPageRunnableFiles.LoginPageScripts" name="createEmployee" time="9.897"/>
  <testcase classname="LoginPageRunnableFiles.LoginPageScripts" name="searchCreatedEmployee" time="13.103"/>
</testsuite> <!-- Default test -->
